<?xml version="1.0" encoding="UTF-8"?>
<!-- Generated by org.testng.reporters.JUnitXMLReporter -->
<testsuite ignored="0" hostname="DESKTOP-A9M5T6P" failures="0" tests="5" name="Test" time="37.671" errors="0" timestamp="2024-01-12T11:33:31 IST">
  <testcase classname="tests.FourTest" name="fourTest" time="6.706"/>
  <testcase classname="tests.TwoTest" name="twoTest" time="4.081"/>
  <testcase classname="tests.ThreeTest" name="threeTest" time="4.043"/>
  <testcase classname="tests.LoginTest" name="login" time="4.22"/>
  <testcase classname="tests.LoginTest" name="login" time="13.966"/>
</testsuite> <!-- Test -->
