<?xml version="1.0" encoding="UTF-8"?>
<!-- Generated by org.testng.reporters.JUnitXMLReporter -->
<testsuite ignored="0" hostname="DESKTOP-A9M5T6P" failures="0" tests="5" name="Test" time="15.522" errors="0" timestamp="2024-01-10T11:25:36 IST">
  <testcase classname="tests.FourTest" name="fourTest" time="0.003"/>
  <testcase classname="tests.TwoTest" name="twoTest" time="0.002"/>
  <testcase classname="tests.ThreeTest" name="threeTest" time="0.0"/>
  <testcase classname="tests.LoginTest" name="login" time="0.971"/>
  <testcase classname="tests.LoginTest" name="login" time="10.617"/>
</testsuite> <!-- Test -->
